
> dribdoweb@0.1.0 dev
> next dev --webpack

▲ Next.js 16.1.6 (webpack)
- Local:         http://localhost:3000
- Network:       http://192.168.193.130:3000
- Environments: .env.local

✓ Starting...
✓ Ready in 2.8s
○ Compiling / ...
 GET / 200 in 554ms (compile: 35ms, render: 519ms)
 GET / 200 in 1399ms (compile: 73ms, render: 1326ms)
 GET / 200 in 562ms (compile: 42ms, render: 519ms)
 GET / 200 in 669ms (compile: 48ms, render: 622ms)
 GET / 200 in 746ms (compile: 36ms, render: 710ms)
 GET / 200 in 434ms (compile: 175ms, render: 259ms)
 GET / 200 in 435ms (compile: 170ms, render: 265ms)
 GET / 200 in 260ms (compile: 31ms, render: 229ms)
 GET / 200 in 259ms (compile: 26ms, render: 233ms)
 GET / 200 in 404ms (compile: 165ms, render: 239ms)
 GET / 200 in 404ms (compile: 162ms, render: 242ms)
 GET / 200 in 672ms (compile: 5ms, render: 666ms)
 GET / 200 in 2.0s (compile: 1468ms, render: 539ms)
 GET / 200 in 2.0s (compile: 1477ms, render: 542ms)
 GET / 200 in 298ms (compile: 29ms, render: 270ms)
 GET / 200 in 298ms (compile: 27ms, render: 271ms)
 GET / 200 in 362ms (compile: 17ms, render: 345ms)
 GET / 200 in 2.1s (compile: 1657ms, render: 482ms)
 GET / 200 in 2.1s (compile: 1652ms, render: 485ms)
 GET / 200 in 276ms (compile: 28ms, render: 248ms)
 GET / 200 in 281ms (compile: 30ms, render: 251ms)
 GET / 200 in 387ms (compile: 22ms, render: 365ms)
